<?xml version="1.0" encoding="UTF-8"?>
<!-- Generated by org.testng.reporters.JUnitReportReporter -->
<testsuite hostname="Omi" failures="0" tests="1" name="RunnerClasses.Runner" time="8.848" errors="0" timestamp="2025-02-03T21:27:02 IST" skipped="0">
  <testcase classname="RunnerClasses.Runner" name="runScenario" time="8.848"/>
  <system-out/>
</testsuite> <!-- RunnerClasses.Runner -->
