<?xml version="1.0" encoding="UTF-8"?>
<!-- Generated by org.testng.reporters.JUnitReportReporter -->
<testsuite hostname="Omi" failures="0" tests="3" name="RunnerClasses.Runner" time="29.493" errors="0" timestamp="2025-02-04T00:26:57 IST" skipped="0">
  <testcase classname="RunnerClasses.Runner" name="runScenario" time="5.970"/>
  <system-out/>
  <testcase classname="RunnerClasses.Runner" name="runScenario" time="18.663"/>
  <system-out/>
  <testcase classname="RunnerClasses.Runner" name="runScenario" time="4.860"/>
  <system-out/>
</testsuite> <!-- RunnerClasses.Runner -->
