<?xml version="1.0" encoding="UTF-8"?>
<!-- Generated by org.testng.reporters.JUnitReportReporter -->
<testsuite hostname="Omi" failures="0" tests="1" name="RunnerClasses.Runner" time="9.803" errors="0" timestamp="2025-02-09T21:13:18 IST" skipped="0">
  <testcase classname="RunnerClasses.Runner" name="runScenario" time="9.803"/>
  <system-out/>
</testsuite> <!-- RunnerClasses.Runner -->
